# JRE version: Java(TM) SE Runtime Environment (8.0_161-b12) (build 1.8.0_161-b12)
# Java VM: Java HotSpot(TM) 64-Bit Server VM (25.161-b12 mixed mode windows-amd64 compressed oops)
Heap:
 PSYoungGen      total 198656K, used 80224K [0x00000000eb500000, 0x00000000ffa80000, 0x0000000100000000)
  eden space 97792K, 41% used [0x00000000eb500000,0x00000000edcf08c0,0x00000000f1480000)
  from space 100864K, 38% used [0x00000000f8280000,0x00000000fa8e7a18,0x00000000fe500000)
  to   space 112640K, 0% used [0x00000000f1480000,0x00000000f1480000,0x00000000f8280000)
 ParOldGen       total 333312K, used 229320K [0x00000000c1e00000, 0x00000000d6380000, 0x00000000eb500000)
  object space 333312K, 68% used [0x00000000c1e00000,0x00000000cfdf2040,0x00000000d6380000)
 Metaspace       used 18743K, capacity 18938K, committed 19328K, reserved 1067008K
  class space    used 2251K, capacity 2317K, committed 2432K, reserved 1048576K
GC Heap History (10 events):
Event: 218.987 GC heap before
{Heap before GC invocations=26 (full 3):
 PSYoungGen      total 157696K, used 135387K [0x00000000eb500000, 0x00000000fa800000, 0x0000000100000000)
  eden space 82944K, 100% used [0x00000000eb500000,0x00000000f0600000,0x00000000f0600000)
  from space 74752K, 70% used [0x00000000f5300000,0x00000000f8636dd8,0x00000000f9c00000)
  to   space 78848K, 0% used [0x00000000f0600000,0x00000000f0600000,0x00000000f5300000)
 ParOldGen       total 209408K, used 163478K [0x00000000c1e00000, 0x00000000cea80000, 0x00000000eb500000)
  object space 209408K, 78% used [0x00000000c1e00000,0x00000000cbda5b08,0x00000000cea80000)
 Metaspace       used 18414K, capacity 18618K, committed 19072K, reserved 1067008K
  class space    used 2231K, capacity 2317K, committed 2432K, reserved 1048576K
Event: 219.030 GC heap after
Heap after GC invocations=26 (full 3):
 PSYoungGen      total 161792K, used 55099K [0x00000000eb500000, 0x00000000fb780000, 0x0000000100000000)
  eden space 82944K, 0% used [0x00000000eb500000,0x00000000eb500000,0x00000000f0600000)
  from space 78848K, 69% used [0x00000000f0600000,0x00000000f3bcedd8,0x00000000f5300000)
  to   space 82944K, 0% used [0x00000000f6680000,0x00000000f6680000,0x00000000fb780000)
 ParOldGen       total 209408K, used 163494K [0x00000000c1e00000, 0x00000000cea80000, 0x00000000eb500000)
  object space 209408K, 78% used [0x00000000c1e00000,0x00000000cbda9b08,0x00000000cea80000)
 Metaspace       used 18414K, capacity 18618K, committed 19072K, reserved 1067008K
  class space    used 2231K, capacity 2317K, committed 2432K, reserved 1048576K
}
Event: 219.202 GC heap before
{Heap before GC invocations=27 (full 3):
 PSYoungGen      total 161792K, used 138043K [0x00000000eb500000, 0x00000000fb780000, 0x0000000100000000)
  eden space 82944K, 100% used [0x00000000eb500000,0x00000000f0600000,0x00000000f0600000)
  from space 78848K, 69% used [0x00000000f0600000,0x00000000f3bcedd8,0x00000000f5300000)
  to   space 82944K, 0% used [0x00000000f6680000,0x00000000f6680000,0x00000000fb780000)
 ParOldGen       total 209408K, used 163494K [0x00000000c1e00000, 0x00000000cea80000, 0x00000000eb500000)
  object space 209408K, 78% used [0x00000000c1e00000,0x00000000cbda9b08,0x00000000cea80000)
 Metaspace       used 18419K, capacity 18682K, committed 19072K, reserved 1067008K
  class space    used 2231K, capacity 2317K, committed 2432K, reserved 1048576K
Event: 219.247 GC heap after
Heap after GC invocations=27 (full 3):
 PSYoungGen      total 178688K, used 55195K [0x00000000eb500000, 0x00000000fbf80000, 0x0000000100000000)
  eden space 95744K, 0% used [0x00000000eb500000,0x00000000eb500000,0x00000000f1280000)
  from space 82944K, 66% used [0x00000000f6680000,0x00000000f9c66dd8,0x00000000fb780000)
  to   space 86016K, 0% used [0x00000000f1280000,0x00000000f1280000,0x00000000f6680000)
 ParOldGen       total 209408K, used 163518K [0x00000000c1e00000, 0x00000000cea80000, 0x00000000eb500000)
  object space 209408K, 78% used [0x00000000c1e00000,0x00000000cbdafb08,0x00000000cea80000)
 Metaspace       used 18419K, capacity 18682K, committed 19072K, reserved 1067008K
  class space    used 2231K, capacity 2317K, committed 2432K, reserved 1048576K
}
Event: 222.274 GC heap before
{Heap before GC invocations=28 (full 3):
 PSYoungGen      total 178688K, used 150939K [0x00000000eb500000, 0x00000000fbf80000, 0x0000000100000000)
  eden space 95744K, 100% used [0x00000000eb500000,0x00000000f1280000,0x00000000f1280000)
  from space 82944K, 66% used [0x00000000f6680000,0x00000000f9c66dd8,0x00000000fb780000)
  to   space 86016K, 0% used [0x00000000f1280000,0x00000000f1280000,0x00000000f6680000)
 ParOldGen       total 209408K, used 163518K [0x00000000c1e00000, 0x00000000cea80000, 0x00000000eb500000)
  object space 209408K, 78% used [0x00000000c1e00000,0x00000000cbdafb08,0x00000000cea80000)
 Metaspace       used 18446K, capacity 18682K, committed 19072K, reserved 1067008K
  class space    used 2231K, capacity 2317K, committed 2432K, reserved 1048576K
Event: 222.338 GC heap after
Heap after GC invocations=28 (full 3):
 PSYoungGen      total 181760K, used 86013K [0x00000000eb500000, 0x00000000fe500000, 0x0000000100000000)
  eden space 95744K, 0% used [0x00000000eb500000,0x00000000eb500000,0x00000000f1280000)
  from space 86016K, 99% used [0x00000000f1280000,0x00000000f667f758,0x00000000f6680000)
  to   space 100864K, 0% used [0x00000000f8280000,0x00000000f8280000,0x00000000fe500000)
 ParOldGen       total 209408K, used 168062K [0x00000000c1e00000, 0x00000000cea80000, 0x00000000eb500000)
  object space 209408K, 80% used [0x00000000c1e00000,0x00000000cc21fb08,0x00000000cea80000)
 Metaspace       used 18446K, capacity 18682K, committed 19072K, reserved 1067008K
  class space    used 2231K, capacity 2317K, committed 2432K, reserved 1048576K
}
Event: 236.228 GC heap before
{Heap before GC invocations=29 (full 3):
 PSYoungGen      total 181760K, used 181757K [0x00000000eb500000, 0x00000000fe500000, 0x0000000100000000)
  eden space 95744K, 100% used [0x00000000eb500000,0x00000000f1280000,0x00000000f1280000)
  from space 86016K, 99% used [0x00000000f1280000,0x00000000f667f758,0x00000000f6680000)
  to   space 100864K, 0% used [0x00000000f8280000,0x00000000f8280000,0x00000000fe500000)
 ParOldGen       total 209408K, used 168062K [0x00000000c1e00000, 0x00000000cea80000, 0x00000000eb500000)
  object space 209408K, 80% used [0x00000000c1e00000,0x00000000cc21fb08,0x00000000cea80000)
 Metaspace       used 18740K, capacity 18938K, committed 19328K, reserved 1067008K
  class space    used 2251K, capacity 2317K, committed 2432K, reserved 1048576K
Event: 236.374 GC heap after
Heap after GC invocations=29 (full 3):
 PSYoungGen      total 198656K, used 100854K [0x00000000eb500000, 0x00000000ffa80000, 0x0000000100000000)
  eden space 97792K, 0% used [0x00000000eb500000,0x00000000eb500000,0x00000000f1480000)
  from space 100864K, 99% used [0x00000000f8280000,0x00000000fe4fd9f0,0x00000000fe500000)
  to   space 112640K, 0% used [0x00000000f1480000,0x00000000f1480000,0x00000000f8280000)
 ParOldGen       total 230400K, used 230362K [0x00000000c1e00000, 0x00000000cff00000, 0x00000000eb500000)
  object space 230400K, 99% used [0x00000000c1e00000,0x00000000cfef6b68,0x00000000cff00000)
 Metaspace       used 18740K, capacity 18938K, committed 19328K, reserved 1067008K
  class space    used 2251K, capacity 2317K, committed 2432K, reserved 1048576K
}
Event: 236.374 GC heap before
{Heap before GC invocations=30 (full 4):
 PSYoungGen      total 198656K, used 100854K [0x00000000eb500000, 0x00000000ffa80000, 0x0000000100000000)
  eden space 97792K, 0% used [0x00000000eb500000,0x00000000eb500000,0x00000000f1480000)
  from space 100864K, 99% used [0x00000000f8280000,0x00000000fe4fd9f0,0x00000000fe500000)
  to   space 112640K, 0% used [0x00000000f1480000,0x00000000f1480000,0x00000000f8280000)
 ParOldGen       total 230400K, used 230362K [0x00000000c1e00000, 0x00000000cff00000, 0x00000000eb500000)
  object space 230400K, 99% used [0x00000000c1e00000,0x00000000cfef6b68,0x00000000cff00000)
 Metaspace       used 18740K, capacity 18938K, committed 19328K, reserved 1067008K
  class space    used 2251K, capacity 2317K, committed 2432K, reserved 1048576K
Event: 237.114 GC heap after
Heap after GC invocations=30 (full 4):
 PSYoungGen      total 198656K, used 39326K [0x00000000eb500000, 0x00000000ffa80000, 0x0000000100000000)
  eden space 97792K, 0% used [0x00000000eb500000,0x00000000eb500000,0x00000000f1480000)
  from space 100864K, 38% used [0x00000000f8280000,0x00000000fa8e7a18,0x00000000fe500000)
  to   space 112640K, 0% used [0x00000000f1480000,0x00000000f1480000,0x00000000f8280000)
 ParOldGen       total 333312K, used 229320K [0x00000000c1e00000, 0x00000000d6380000, 0x00000000eb500000)
  object space 333312K, 68% used [0x00000000c1e00000,0x00000000cfdf2040,0x00000000d6380000)
 Metaspace       used 18740K, capacity 18938K, committed 19328K, reserved 1067008K
  class space    used 2251K, capacity 2317K, committed 2432K, reserved 1048576K
}

