# JRE version: Java(TM) SE Runtime Environment (8.0_161-b12) (build 1.8.0_161-b12)
# Java VM: Java HotSpot(TM) 64-Bit Server VM (25.161-b12 mixed mode windows-amd64 compressed oops)
Heap:
 PSYoungGen      total 202752K, used 78604K [0x00000000eb500000, 0x00000000ff600000, 0x0000000100000000)
  eden space 90112K, 34% used [0x00000000eb500000,0x00000000ed365e88,0x00000000f0d00000)
  from space 112640K, 42% used [0x00000000f0d00000,0x00000000f3b5d178,0x00000000f7b00000)
  to   space 112640K, 0% used [0x00000000f8800000,0x00000000f8800000,0x00000000ff600000)
 ParOldGen       total 325120K, used 221455K [0x00000000c1e00000, 0x00000000d5b80000, 0x00000000eb500000)
  object space 325120K, 68% used [0x00000000c1e00000,0x00000000cf643eb8,0x00000000d5b80000)
 Metaspace       used 18790K, capacity 19002K, committed 19328K, reserved 1067008K
  class space    used 2250K, capacity 2317K, committed 2432K, reserved 1048576K
GC Heap History (10 events):
Event: 60.537 GC heap before
{Heap before GC invocations=27 (full 3):
 PSYoungGen      total 161792K, used 139410K [0x00000000eb500000, 0x00000000fc680000, 0x0000000100000000)
  eden space 71680K, 100% used [0x00000000eb500000,0x00000000efb00000,0x00000000efb00000)
  from space 90112K, 75% used [0x00000000efb00000,0x00000000f3d24a58,0x00000000f5300000)
  to   space 96768K, 0% used [0x00000000f6800000,0x00000000f6800000,0x00000000fc680000)
 ParOldGen       total 215552K, used 151977K [0x00000000c1e00000, 0x00000000cf080000, 0x00000000eb500000)
  object space 215552K, 70% used [0x00000000c1e00000,0x00000000cb26a7f8,0x00000000cf080000)
 Metaspace       used 18654K, capacity 18810K, committed 19328K, reserved 1067008K
  class space    used 2249K, capacity 2317K, committed 2432K, reserved 1048576K
Event: 60.595 GC heap after
Heap after GC invocations=27 (full 3):
 PSYoungGen      total 177152K, used 69650K [0x00000000eb500000, 0x00000000fd480000, 0x0000000100000000)
  eden space 80384K, 0% used [0x00000000eb500000,0x00000000eb500000,0x00000000f0380000)
  from space 96768K, 71% used [0x00000000f6800000,0x00000000fac04a58,0x00000000fc680000)
  to   space 102912K, 0% used [0x00000000f0380000,0x00000000f0380000,0x00000000f6800000)
 ParOldGen       total 215552K, used 151977K [0x00000000c1e00000, 0x00000000cf080000, 0x00000000eb500000)
  object space 215552K, 70% used [0x00000000c1e00000,0x00000000cb26a7f8,0x00000000cf080000)
 Metaspace       used 18654K, capacity 18810K, committed 19328K, reserved 1067008K
  class space    used 2249K, capacity 2317K, committed 2432K, reserved 1048576K
}
Event: 60.752 GC heap before
{Heap before GC invocations=28 (full 3):
 PSYoungGen      total 177152K, used 150034K [0x00000000eb500000, 0x00000000fd480000, 0x0000000100000000)
  eden space 80384K, 100% used [0x00000000eb500000,0x00000000f0380000,0x00000000f0380000)
  from space 96768K, 71% used [0x00000000f6800000,0x00000000fac04a58,0x00000000fc680000)
  to   space 102912K, 0% used [0x00000000f0380000,0x00000000f0380000,0x00000000f6800000)
 ParOldGen       total 215552K, used 151977K [0x00000000c1e00000, 0x00000000cf080000, 0x00000000eb500000)
  object space 215552K, 70% used [0x00000000c1e00000,0x00000000cb26a7f8,0x00000000cf080000)
 Metaspace       used 18654K, capacity 18810K, committed 19328K, reserved 1067008K
  class space    used 2249K, capacity 2317K, committed 2432K, reserved 1048576K
Event: 60.803 GC heap after
Heap after GC invocations=28 (full 3):
 PSYoungGen      total 183296K, used 69714K [0x00000000eb500000, 0x00000000fe380000, 0x0000000100000000)
  eden space 80384K, 0% used [0x00000000eb500000,0x00000000eb500000,0x00000000f0380000)
  from space 102912K, 67% used [0x00000000f0380000,0x00000000f4794a58,0x00000000f6800000)
  to   space 107008K, 0% used [0x00000000f7b00000,0x00000000f7b00000,0x00000000fe380000)
 ParOldGen       total 215552K, used 151993K [0x00000000c1e00000, 0x00000000cf080000, 0x00000000eb500000)
  object space 215552K, 70% used [0x00000000c1e00000,0x00000000cb26e7f8,0x00000000cf080000)
 Metaspace       used 18654K, capacity 18810K, committed 19328K, reserved 1067008K
  class space    used 2249K, capacity 2317K, committed 2432K, reserved 1048576K
}
Event: 69.302 GC heap before
{Heap before GC invocations=29 (full 3):
 PSYoungGen      total 183296K, used 150098K [0x00000000eb500000, 0x00000000fe380000, 0x0000000100000000)
  eden space 80384K, 100% used [0x00000000eb500000,0x00000000f0380000,0x00000000f0380000)
  from space 102912K, 67% used [0x00000000f0380000,0x00000000f4794a58,0x00000000f6800000)
  to   space 107008K, 0% used [0x00000000f7b00000,0x00000000f7b00000,0x00000000fe380000)
 ParOldGen       total 215552K, used 151993K [0x00000000c1e00000, 0x00000000cf080000, 0x00000000eb500000)
  object space 215552K, 70% used [0x00000000c1e00000,0x00000000cb26e7f8,0x00000000cf080000)
 Metaspace       used 18688K, capacity 18874K, committed 19328K, reserved 1067008K
  class space    used 2249K, capacity 2317K, committed 2432K, reserved 1048576K
Event: 69.388 GC heap after
Heap after GC invocations=29 (full 3):
 PSYoungGen      total 197120K, used 106996K [0x00000000eb500000, 0x00000000fed00000, 0x0000000100000000)
  eden space 90112K, 0% used [0x00000000eb500000,0x00000000eb500000,0x00000000f0d00000)
  from space 107008K, 99% used [0x00000000f7b00000,0x00000000fe37d3d8,0x00000000fe380000)
  to   space 112640K, 0% used [0x00000000f0d00000,0x00000000f0d00000,0x00000000f7b00000)
 ParOldGen       total 215552K, used 155697K [0x00000000c1e00000, 0x00000000cf080000, 0x00000000eb500000)
  object space 215552K, 72% used [0x00000000c1e00000,0x00000000cb60c7f8,0x00000000cf080000)
 Metaspace       used 18688K, capacity 18874K, committed 19328K, reserved 1067008K
  class space    used 2249K, capacity 2317K, committed 2432K, reserved 1048576K
}
Event: 82.060 GC heap before
{Heap before GC invocations=30 (full 3):
 PSYoungGen      total 197120K, used 197108K [0x00000000eb500000, 0x00000000fed00000, 0x0000000100000000)
  eden space 90112K, 100% used [0x00000000eb500000,0x00000000f0d00000,0x00000000f0d00000)
  from space 107008K, 99% used [0x00000000f7b00000,0x00000000fe37d3d8,0x00000000fe380000)
  to   space 112640K, 0% used [0x00000000f0d00000,0x00000000f0d00000,0x00000000f7b00000)
 ParOldGen       total 215552K, used 155697K [0x00000000c1e00000, 0x00000000cf080000, 0x00000000eb500000)
  object space 215552K, 72% used [0x00000000c1e00000,0x00000000cb60c7f8,0x00000000cf080000)
 Metaspace       used 18790K, capacity 19002K, committed 19328K, reserved 1067008K
  class space    used 2250K, capacity 2317K, committed 2432K, reserved 1048576K
Event: 82.192 GC heap after
Heap after GC invocations=30 (full 3):
 PSYoungGen      total 202752K, used 112621K [0x00000000eb500000, 0x00000000ff600000, 0x0000000100000000)
  eden space 90112K, 0% used [0x00000000eb500000,0x00000000eb500000,0x00000000f0d00000)
  from space 112640K, 99% used [0x00000000f0d00000,0x00000000f7afb670,0x00000000f7b00000)
  to   space 112640K, 0% used [0x00000000f8800000,0x00000000f8800000,0x00000000ff600000)
 ParOldGen       total 221696K, used 221321K [0x00000000c1e00000, 0x00000000cf680000, 0x00000000eb500000)
  object space 221696K, 99% used [0x00000000c1e00000,0x00000000cf6227f8,0x00000000cf680000)
 Metaspace       used 18790K, capacity 19002K, committed 19328K, reserved 1067008K
  class space    used 2250K, capacity 2317K, committed 2432K, reserved 1048576K
}
Event: 82.192 GC heap before
{Heap before GC invocations=31 (full 4):
 PSYoungGen      total 202752K, used 112621K [0x00000000eb500000, 0x00000000ff600000, 0x0000000100000000)
  eden space 90112K, 0% used [0x00000000eb500000,0x00000000eb500000,0x00000000f0d00000)
  from space 112640K, 99% used [0x00000000f0d00000,0x00000000f7afb670,0x00000000f7b00000)
  to   space 112640K, 0% used [0x00000000f8800000,0x00000000f8800000,0x00000000ff600000)
 ParOldGen       total 221696K, used 221321K [0x00000000c1e00000, 0x00000000cf680000, 0x00000000eb500000)
  object space 221696K, 99% used [0x00000000c1e00000,0x00000000cf6227f8,0x00000000cf680000)
 Metaspace       used 18790K, capacity 19002K, committed 19328K, reserved 1067008K
  class space    used 2250K, capacity 2317K, committed 2432K, reserved 1048576K
Event: 82.955 GC heap after
Heap after GC invocations=31 (full 4):
 PSYoungGen      total 202752K, used 47476K [0x00000000eb500000, 0x00000000ff600000, 0x0000000100000000)
  eden space 90112K, 0% used [0x00000000eb500000,0x00000000eb500000,0x00000000f0d00000)
  from space 112640K, 42% used [0x00000000f0d00000,0x00000000f3b5d178,0x00000000f7b00000)
  to   space 112640K, 0% used [0x00000000f8800000,0x00000000f8800000,0x00000000ff600000)
 ParOldGen       total 325120K, used 221455K [0x00000000c1e00000, 0x00000000d5b80000, 0x00000000eb500000)
  object space 325120K, 68% used [0x00000000c1e00000,0x00000000cf643eb8,0x00000000d5b80000)
 Metaspace       used 18790K, capacity 19002K, committed 19328K, reserved 1067008K
  class space    used 2250K, capacity 2317K, committed 2432K, reserved 1048576K
}

