# JRE version: Java(TM) SE Runtime Environment (8.0_161-b12) (build 1.8.0_161-b12)
# Java VM: Java HotSpot(TM) 64-Bit Server VM (25.161-b12 mixed mode windows-amd64 compressed oops)
Heap:
 PSYoungGen      total 118272K, used 17468K [0x00000000eb500000, 0x00000000f5c00000, 0x0000000100000000)
  eden space 72704K, 3% used [0x00000000eb500000,0x00000000eb7c4d18,0x00000000efc00000)
  from space 45568K, 32% used [0x00000000f2f80000,0x00000000f3dca600,0x00000000f5c00000)
  to   space 49152K, 0% used [0x00000000efc00000,0x00000000efc00000,0x00000000f2c00000)
 ParOldGen       total 219648K, used 138372K [0x00000000c1e00000, 0x00000000cf480000, 0x00000000eb500000)
  object space 219648K, 62% used [0x00000000c1e00000,0x00000000ca521108,0x00000000cf480000)
 Metaspace       used 18516K, capacity 18746K, committed 19072K, reserved 1067008K
  class space    used 2243K, capacity 2317K, committed 2432K, reserved 1048576K
GC Heap History (10 events):
Event: 24.370 GC heap before
{Heap before GC invocations=17 (full 2):
 PSYoungGen      total 95232K, used 84301K [0x00000000eb500000, 0x00000000f2b80000, 0x0000000100000000)
  eden space 71168K, 100% used [0x00000000eb500000,0x00000000efa80000,0x00000000efa80000)
  from space 24064K, 54% used [0x00000000f1400000,0x00000000f20d36e0,0x00000000f2b80000)
  to   space 25088K, 0% used [0x00000000efa80000,0x00000000efa80000,0x00000000f1300000)
 ParOldGen       total 138752K, used 75152K [0x00000000c1e00000, 0x00000000ca580000, 0x00000000eb500000)
  object space 138752K, 54% used [0x00000000c1e00000,0x00000000c67642c0,0x00000000ca580000)
 Metaspace       used 14620K, capacity 14804K, committed 15104K, reserved 1062912K
  class space    used 1885K, capacity 1964K, committed 2048K, reserved 1048576K
Event: 24.404 GC heap after
Heap after GC invocations=17 (full 2):
 PSYoungGen      total 96256K, used 25072K [0x00000000eb500000, 0x00000000f4c80000, 0x0000000100000000)
  eden space 71168K, 0% used [0x00000000eb500000,0x00000000eb500000,0x00000000efa80000)
  from space 25088K, 99% used [0x00000000efa80000,0x00000000f12fc060,0x00000000f1300000)
  to   space 36864K, 0% used [0x00000000f2880000,0x00000000f2880000,0x00000000f4c80000)
 ParOldGen       total 138752K, used 96920K [0x00000000c1e00000, 0x00000000ca580000, 0x00000000eb500000)
  object space 138752K, 69% used [0x00000000c1e00000,0x00000000c7ca62c0,0x00000000ca580000)
 Metaspace       used 14620K, capacity 14804K, committed 15104K, reserved 1062912K
  class space    used 1885K, capacity 1964K, committed 2048K, reserved 1048576K
}
Event: 25.006 GC heap before
{Heap before GC invocations=18 (full 2):
 PSYoungGen      total 96256K, used 96240K [0x00000000eb500000, 0x00000000f4c80000, 0x0000000100000000)
  eden space 71168K, 100% used [0x00000000eb500000,0x00000000efa80000,0x00000000efa80000)
  from space 25088K, 99% used [0x00000000efa80000,0x00000000f12fc060,0x00000000f1300000)
  to   space 36864K, 0% used [0x00000000f2880000,0x00000000f2880000,0x00000000f4c80000)
 ParOldGen       total 138752K, used 96920K [0x00000000c1e00000, 0x00000000ca580000, 0x00000000eb500000)
  object space 138752K, 69% used [0x00000000c1e00000,0x00000000c7ca62c0,0x00000000ca580000)
 Metaspace       used 17738K, capacity 17908K, committed 18176K, reserved 1064960K
  class space    used 2187K, capacity 2252K, committed 2304K, reserved 1048576K
Event: 25.104 GC heap after
Heap after GC invocations=18 (full 2):
 PSYoungGen      total 101888K, used 36854K [0x00000000eb500000, 0x00000000f6f80000, 0x0000000100000000)
  eden space 65024K, 0% used [0x00000000eb500000,0x00000000eb500000,0x00000000ef480000)
  from space 36864K, 99% used [0x00000000f2880000,0x00000000f4c7db48,0x00000000f4c80000)
  to   space 53248K, 0% used [0x00000000ef480000,0x00000000ef480000,0x00000000f2880000)
 ParOldGen       total 138752K, used 126168K [0x00000000c1e00000, 0x00000000ca580000, 0x00000000eb500000)
  object space 138752K, 90% used [0x00000000c1e00000,0x00000000c99362c0,0x00000000ca580000)
 Metaspace       used 17738K, capacity 17908K, committed 18176K, reserved 1064960K
  class space    used 2187K, capacity 2252K, committed 2304K, reserved 1048576K
}
Event: 25.104 GC heap before
{Heap before GC invocations=19 (full 3):
 PSYoungGen      total 101888K, used 36854K [0x00000000eb500000, 0x00000000f6f80000, 0x0000000100000000)
  eden space 65024K, 0% used [0x00000000eb500000,0x00000000eb500000,0x00000000ef480000)
  from space 36864K, 99% used [0x00000000f2880000,0x00000000f4c7db48,0x00000000f4c80000)
  to   space 53248K, 0% used [0x00000000ef480000,0x00000000ef480000,0x00000000f2880000)
 ParOldGen       total 138752K, used 126168K [0x00000000c1e00000, 0x00000000ca580000, 0x00000000eb500000)
  object space 138752K, 90% used [0x00000000c1e00000,0x00000000c99362c0,0x00000000ca580000)
 Metaspace       used 17738K, capacity 17908K, committed 18176K, reserved 1064960K
  class space    used 2187K, capacity 2252K, committed 2304K, reserved 1048576K
Event: 25.586 GC heap after
Heap after GC invocations=19 (full 3):
 PSYoungGen      total 101888K, used 18283K [0x00000000eb500000, 0x00000000f6f80000, 0x0000000100000000)
  eden space 65024K, 0% used [0x00000000eb500000,0x00000000eb500000,0x00000000ef480000)
  from space 36864K, 49% used [0x00000000f2880000,0x00000000f3a5af28,0x00000000f4c80000)
  to   space 53248K, 0% used [0x00000000ef480000,0x00000000ef480000,0x00000000f2880000)
 ParOldGen       total 219648K, used 138348K [0x00000000c1e00000, 0x00000000cf480000, 0x00000000eb500000)
  object space 219648K, 62% used [0x00000000c1e00000,0x00000000ca51b108,0x00000000cf480000)
 Metaspace       used 17738K, capacity 17908K, committed 18176K, reserved 1064960K
  class space    used 2187K, capacity 2252K, committed 2304K, reserved 1048576K
}
Event: 25.919 GC heap before
{Heap before GC invocations=20 (full 3):
 PSYoungGen      total 101888K, used 83307K [0x00000000eb500000, 0x00000000f6f80000, 0x0000000100000000)
  eden space 65024K, 100% used [0x00000000eb500000,0x00000000ef480000,0x00000000ef480000)
  from space 36864K, 49% used [0x00000000f2880000,0x00000000f3a5af28,0x00000000f4c80000)
  to   space 53248K, 0% used [0x00000000ef480000,0x00000000ef480000,0x00000000f2880000)
 ParOldGen       total 219648K, used 138348K [0x00000000c1e00000, 0x00000000cf480000, 0x00000000eb500000)
  object space 219648K, 62% used [0x00000000c1e00000,0x00000000ca51b108,0x00000000cf480000)
 Metaspace       used 18086K, capacity 18298K, committed 18816K, reserved 1064960K
  class space    used 2223K, capacity 2317K, committed 2432K, reserved 1048576K
Event: 25.948 GC heap after
Heap after GC invocations=20 (full 3):
 PSYoungGen      total 118272K, used 14098K [0x00000000eb500000, 0x00000000f6180000, 0x0000000100000000)
  eden space 65024K, 0% used [0x00000000eb500000,0x00000000eb500000,0x00000000ef480000)
  from space 53248K, 26% used [0x00000000ef480000,0x00000000f0244b58,0x00000000f2880000)
  to   space 51200K, 0% used [0x00000000f2f80000,0x00000000f2f80000,0x00000000f6180000)
 ParOldGen       total 219648K, used 138364K [0x00000000c1e00000, 0x00000000cf480000, 0x00000000eb500000)
  object space 219648K, 62% used [0x00000000c1e00000,0x00000000ca51f108,0x00000000cf480000)
 Metaspace       used 18086K, capacity 18298K, committed 18816K, reserved 1064960K
  class space    used 2223K, capacity 2317K, committed 2432K, reserved 1048576K
}
Event: 40.115 GC heap before
{Heap before GC invocations=21 (full 3):
 PSYoungGen      total 118272K, used 79122K [0x00000000eb500000, 0x00000000f6180000, 0x0000000100000000)
  eden space 65024K, 100% used [0x00000000eb500000,0x00000000ef480000,0x00000000ef480000)
  from space 53248K, 26% used [0x00000000ef480000,0x00000000f0244b58,0x00000000f2880000)
  to   space 51200K, 0% used [0x00000000f2f80000,0x00000000f2f80000,0x00000000f6180000)
 ParOldGen       total 219648K, used 138364K [0x00000000c1e00000, 0x00000000cf480000, 0x00000000eb500000)
  object space 219648K, 62% used [0x00000000c1e00000,0x00000000ca51f108,0x00000000cf480000)
 Metaspace       used 18516K, capacity 18746K, committed 19072K, reserved 1067008K
  class space    used 2243K, capacity 2317K, committed 2432K, reserved 1048576K
Event: 40.130 GC heap after
Heap after GC invocations=21 (full 3):
 PSYoungGen      total 118272K, used 14633K [0x00000000eb500000, 0x00000000f5c00000, 0x0000000100000000)
  eden space 72704K, 0% used [0x00000000eb500000,0x00000000eb500000,0x00000000efc00000)
  from space 45568K, 32% used [0x00000000f2f80000,0x00000000f3dca600,0x00000000f5c00000)
  to   space 49152K, 0% used [0x00000000efc00000,0x00000000efc00000,0x00000000f2c00000)
 ParOldGen       total 219648K, used 138372K [0x00000000c1e00000, 0x00000000cf480000, 0x00000000eb500000)
  object space 219648K, 62% used [0x00000000c1e00000,0x00000000ca521108,0x00000000cf480000)
 Metaspace       used 18516K, capacity 18746K, committed 19072K, reserved 1067008K
  class space    used 2243K, capacity 2317K, committed 2432K, reserved 1048576K
}

