# JRE version: Java(TM) SE Runtime Environment (8.0_161-b12) (build 1.8.0_161-b12)
# Java VM: Java HotSpot(TM) 64-Bit Server VM (25.161-b12 mixed mode windows-amd64 compressed oops)
Heap:
 PSYoungGen      total 117760K, used 23759K [0x00000000eb500000, 0x00000000f5a00000, 0x0000000100000000)
  eden space 73728K, 7% used [0x00000000eb500000,0x00000000ebab9760,0x00000000efd00000)
  from space 44032K, 40% used [0x00000000f2f00000,0x00000000f407a600,0x00000000f5a00000)
  to   space 47616K, 0% used [0x00000000efd00000,0x00000000efd00000,0x00000000f2b80000)
 ParOldGen       total 215552K, used 135118K [0x00000000c1e00000, 0x00000000cf080000, 0x00000000eb500000)
  object space 215552K, 62% used [0x00000000c1e00000,0x00000000ca1f3828,0x00000000cf080000)
 Metaspace       used 18723K, capacity 18970K, committed 19328K, reserved 1067008K
  class space    used 2263K, capacity 2349K, committed 2432K, reserved 1048576K
GC Heap History (10 events):
Event: 26.079 GC heap before
{Heap before GC invocations=17 (full 2):
 PSYoungGen      total 95744K, used 84845K [0x00000000eb500000, 0x00000000f2b00000, 0x0000000100000000)
  eden space 71680K, 100% used [0x00000000eb500000,0x00000000efb00000,0x00000000efb00000)
  from space 24064K, 54% used [0x00000000f1380000,0x00000000f205b6e0,0x00000000f2b00000)
  to   space 24576K, 0% used [0x00000000efb00000,0x00000000efb00000,0x00000000f1300000)
 ParOldGen       total 137728K, used 75157K [0x00000000c1e00000, 0x00000000ca480000, 0x00000000eb500000)
  object space 137728K, 54% used [0x00000000c1e00000,0x00000000c6765720,0x00000000ca480000)
 Metaspace       used 14656K, capacity 14868K, committed 15104K, reserved 1062912K
  class space    used 1885K, capacity 1964K, committed 2048K, reserved 1048576K
Event: 26.116 GC heap after
Heap after GC invocations=17 (full 2):
 PSYoungGen      total 96256K, used 24560K [0x00000000eb500000, 0x00000000f4c00000, 0x0000000100000000)
  eden space 71680K, 0% used [0x00000000eb500000,0x00000000eb500000,0x00000000efb00000)
  from space 24576K, 99% used [0x00000000efb00000,0x00000000f12fc060,0x00000000f1300000)
  to   space 36352K, 0% used [0x00000000f2880000,0x00000000f2880000,0x00000000f4c00000)
 ParOldGen       total 137728K, used 98389K [0x00000000c1e00000, 0x00000000ca480000, 0x00000000eb500000)
  object space 137728K, 71% used [0x00000000c1e00000,0x00000000c7e15720,0x00000000ca480000)
 Metaspace       used 14656K, capacity 14868K, committed 15104K, reserved 1062912K
  class space    used 1885K, capacity 1964K, committed 2048K, reserved 1048576K
}
Event: 26.735 GC heap before
{Heap before GC invocations=18 (full 2):
 PSYoungGen      total 96256K, used 96240K [0x00000000eb500000, 0x00000000f4c00000, 0x0000000100000000)
  eden space 71680K, 100% used [0x00000000eb500000,0x00000000efb00000,0x00000000efb00000)
  from space 24576K, 99% used [0x00000000efb00000,0x00000000f12fc060,0x00000000f1300000)
  to   space 36352K, 0% used [0x00000000f2880000,0x00000000f2880000,0x00000000f4c00000)
 ParOldGen       total 137728K, used 98389K [0x00000000c1e00000, 0x00000000ca480000, 0x00000000eb500000)
  object space 137728K, 71% used [0x00000000c1e00000,0x00000000c7e15720,0x00000000ca480000)
 Metaspace       used 17776K, capacity 17972K, committed 18176K, reserved 1064960K
  class space    used 2187K, capacity 2252K, committed 2304K, reserved 1048576K
Event: 26.854 GC heap after
Heap after GC invocations=18 (full 2):
 PSYoungGen      total 101888K, used 36350K [0x00000000eb500000, 0x00000000f6f80000, 0x0000000100000000)
  eden space 65536K, 0% used [0x00000000eb500000,0x00000000eb500000,0x00000000ef500000)
  from space 36352K, 99% used [0x00000000f2880000,0x00000000f4bffa08,0x00000000f4c00000)
  to   space 52736K, 0% used [0x00000000ef500000,0x00000000ef500000,0x00000000f2880000)
 ParOldGen       total 137728K, used 126704K [0x00000000c1e00000, 0x00000000ca480000, 0x00000000eb500000)
  object space 137728K, 91% used [0x00000000c1e00000,0x00000000c99bc010,0x00000000ca480000)
 Metaspace       used 17776K, capacity 17972K, committed 18176K, reserved 1064960K
  class space    used 2187K, capacity 2252K, committed 2304K, reserved 1048576K
}
Event: 26.854 GC heap before
{Heap before GC invocations=19 (full 3):
 PSYoungGen      total 101888K, used 36350K [0x00000000eb500000, 0x00000000f6f80000, 0x0000000100000000)
  eden space 65536K, 0% used [0x00000000eb500000,0x00000000eb500000,0x00000000ef500000)
  from space 36352K, 99% used [0x00000000f2880000,0x00000000f4bffa08,0x00000000f4c00000)
  to   space 52736K, 0% used [0x00000000ef500000,0x00000000ef500000,0x00000000f2880000)
 ParOldGen       total 137728K, used 126704K [0x00000000c1e00000, 0x00000000ca480000, 0x00000000eb500000)
  object space 137728K, 91% used [0x00000000c1e00000,0x00000000c99bc010,0x00000000ca480000)
 Metaspace       used 17776K, capacity 17972K, committed 18176K, reserved 1064960K
  class space    used 2187K, capacity 2252K, committed 2304K, reserved 1048576K
Event: 27.337 GC heap after
Heap after GC invocations=19 (full 3):
 PSYoungGen      total 101888K, used 21570K [0x00000000eb500000, 0x00000000f6f80000, 0x0000000100000000)
  eden space 65536K, 0% used [0x00000000eb500000,0x00000000eb500000,0x00000000ef500000)
  from space 36352K, 59% used [0x00000000f2880000,0x00000000f3d90b60,0x00000000f4c00000)
  to   space 52736K, 0% used [0x00000000ef500000,0x00000000ef500000,0x00000000f2880000)
 ParOldGen       total 215552K, used 135070K [0x00000000c1e00000, 0x00000000cf080000, 0x00000000eb500000)
  object space 215552K, 62% used [0x00000000c1e00000,0x00000000ca1e7828,0x00000000cf080000)
 Metaspace       used 17776K, capacity 17972K, committed 18176K, reserved 1064960K
  class space    used 2187K, capacity 2252K, committed 2304K, reserved 1048576K
}
Event: 27.702 GC heap before
{Heap before GC invocations=20 (full 3):
 PSYoungGen      total 101888K, used 87106K [0x00000000eb500000, 0x00000000f6f80000, 0x0000000100000000)
  eden space 65536K, 100% used [0x00000000eb500000,0x00000000ef500000,0x00000000ef500000)
  from space 36352K, 59% used [0x00000000f2880000,0x00000000f3d90b60,0x00000000f4c00000)
  to   space 52736K, 0% used [0x00000000ef500000,0x00000000ef500000,0x00000000f2880000)
 ParOldGen       total 215552K, used 135070K [0x00000000c1e00000, 0x00000000cf080000, 0x00000000eb500000)
  object space 215552K, 62% used [0x00000000c1e00000,0x00000000ca1e7828,0x00000000cf080000)
 Metaspace       used 18123K, capacity 18362K, committed 18816K, reserved 1064960K
  class space    used 2223K, capacity 2317K, committed 2432K, reserved 1048576K
Event: 27.735 GC heap after
Heap after GC invocations=20 (full 3):
 PSYoungGen      total 118272K, used 18098K [0x00000000eb500000, 0x00000000f5f80000, 0x0000000100000000)
  eden space 65536K, 0% used [0x00000000eb500000,0x00000000eb500000,0x00000000ef500000)
  from space 52736K, 34% used [0x00000000ef500000,0x00000000f06acb58,0x00000000f2880000)
  to   space 49664K, 0% used [0x00000000f2f00000,0x00000000f2f00000,0x00000000f5f80000)
 ParOldGen       total 215552K, used 135110K [0x00000000c1e00000, 0x00000000cf080000, 0x00000000eb500000)
  object space 215552K, 62% used [0x00000000c1e00000,0x00000000ca1f1828,0x00000000cf080000)
 Metaspace       used 18123K, capacity 18362K, committed 18816K, reserved 1064960K
  class space    used 2223K, capacity 2317K, committed 2432K, reserved 1048576K
}
Event: 63.921 GC heap before
{Heap before GC invocations=21 (full 3):
 PSYoungGen      total 118272K, used 83634K [0x00000000eb500000, 0x00000000f5f80000, 0x0000000100000000)
  eden space 65536K, 100% used [0x00000000eb500000,0x00000000ef500000,0x00000000ef500000)
  from space 52736K, 34% used [0x00000000ef500000,0x00000000f06acb58,0x00000000f2880000)
  to   space 49664K, 0% used [0x00000000f2f00000,0x00000000f2f00000,0x00000000f5f80000)
 ParOldGen       total 215552K, used 135110K [0x00000000c1e00000, 0x00000000cf080000, 0x00000000eb500000)
  object space 215552K, 62% used [0x00000000c1e00000,0x00000000ca1f1828,0x00000000cf080000)
 Metaspace       used 18723K, capacity 18970K, committed 19328K, reserved 1067008K
  class space    used 2263K, capacity 2349K, committed 2432K, reserved 1048576K
Event: 63.939 GC heap after
Heap after GC invocations=21 (full 3):
 PSYoungGen      total 117760K, used 17897K [0x00000000eb500000, 0x00000000f5a00000, 0x0000000100000000)
  eden space 73728K, 0% used [0x00000000eb500000,0x00000000eb500000,0x00000000efd00000)
  from space 44032K, 40% used [0x00000000f2f00000,0x00000000f407a600,0x00000000f5a00000)
  to   space 47616K, 0% used [0x00000000efd00000,0x00000000efd00000,0x00000000f2b80000)
 ParOldGen       total 215552K, used 135118K [0x00000000c1e00000, 0x00000000cf080000, 0x00000000eb500000)
  object space 215552K, 62% used [0x00000000c1e00000,0x00000000ca1f3828,0x00000000cf080000)
 Metaspace       used 18723K, capacity 18970K, committed 19328K, reserved 1067008K
  class space    used 2263K, capacity 2349K, committed 2432K, reserved 1048576K
}

